This file contains any messages produced by compilers while
running configure, to aid debugging if configure makes a mistake.

It was created by libupnp configure 1.6.19, which was
generated by GNU Autoconf 2.69.  Invocation command line was

  $ ./configure 

## --------- ##
## Platform. ##
## --------- ##

hostname = fritz.fon
uname -m = armv7l
uname -r = 4.14.74-v7+
uname -s = Linux
uname -v = #1149 SMP Mon Oct 8 17:39:42 BST 2018

/usr/bin/uname -p = unknown
/bin/uname -X     = unknown

/bin/arch              = unknown
/usr/bin/arch -k       = unknown
/usr/convex/getsysinfo = unknown
/usr/bin/hostinfo      = unknown
/bin/machine           = unknown
/usr/bin/oslevel       = unknown
/bin/universe          = unknown

PATH: /usr/local/sbin
PATH: /usr/local/bin
PATH: /usr/sbin
PATH: /usr/bin
PATH: /sbin
PATH: /bin


## ----------- ##
## Core tests. ##
## ----------- ##

configure:2402: checking for a BSD-compatible install
configure:2470: result: /usr/bin/install -c
configure:2481: checking whether build environment is sane
configure:2536: result: yes
configure:2687: checking for a thread-safe mkdir -p
configure:2726: result: /bin/mkdir -p
configure:2733: checking for gawk
configure:2763: result: no
configure:2733: checking for mawk
configure:2749: found /usr/bin/mawk
configure:2760: result: mawk
configure:2771: checking whether make sets $(MAKE)
configure:2793: result: yes
configure:2883: checking build system type
configure:2897: result: armv7l-unknown-linux-gnueabihf
configure:2917: checking host system type
configure:2930: result: armv7l-unknown-linux-gnueabihf
configure:2997: checking for --enable-debug
configure:3005: result: no
configure:3037: checking for --enable-client
configure:3045: result: yes
configure:3064: checking for --enable-device
configure:3072: result: yes
configure:3094: checking for --enable-webserver
configure:3102: result: yes
configure:3129: checking for --enable-ssdp
configure:3137: result: yes
configure:3155: checking for --enable-optssdp
configure:3163: result: yes
configure:3182: checking for --enable-soap
configure:3190: result: yes
configure:3208: checking for --enable-gena
configure:3216: result: yes
configure:3244: checking for --enable-tools
configure:3252: result: yes
configure:3270: checking for --enable-ipv6
configure:3278: result: no
configure:3296: checking for --enable-unspecified_server
configure:3304: result: no
configure:3322: checking for --enable-notification_reordering
configure:3330: result: yes
configure:3348: checking for --enable-blocking_tcp_connections
configure:3356: result: yes
configure:3375: checking for --enable-samples
configure:3383: result: yes
configure:3404: checking for documentation directory
configure:3430: result: ${datarootdir}/doc/libupnp-1.6.19
configure:3485: checking for gcc
configure:3501: found /usr/bin/gcc
configure:3512: result: gcc
configure:3741: checking for C compiler version
configure:3750: gcc --version >&5
gcc (Raspbian 6.3.0-18+rpi1+deb9u1) 6.3.0 20170516
Copyright (C) 2016 Free Software Foundation, Inc.
This is free software; see the source for copying conditions.  There is NO
warranty; not even for MERCHANTABILITY or FITNESS FOR A PARTICULAR PURPOSE.

configure:3761: $? = 0
configure:3750: gcc -v >&5
Using built-in specs.
COLLECT_GCC=gcc
COLLECT_LTO_WRAPPER=/usr/lib/gcc/arm-linux-gnueabihf/6/lto-wrapper
Target: arm-linux-gnueabihf
Configured with: ../src/configure -v --with-pkgversion='Raspbian 6.3.0-18+rpi1+deb9u1' --with-bugurl=file:///usr/share/doc/gcc-6/README.Bugs --enable-languages=c,ada,c++,java,go,d,fortran,objc,obj-c++ --prefix=/usr --program-suffix=-6 --program-prefix=arm-linux-gnueabihf- --enable-shared --enable-linker-build-id --libexecdir=/usr/lib --without-included-gettext --enable-threads=posix --libdir=/usr/lib --enable-nls --with-sysroot=/ --enable-clocale=gnu --enable-libstdcxx-debug --enable-libstdcxx-time=yes --with-default-libstdcxx-abi=new --enable-gnu-unique-object --disable-libitm --disable-libquadmath --enable-plugin --with-system-zlib --disable-browser-plugin --enable-java-awt=gtk --enable-gtk-cairo --with-java-home=/usr/lib/jvm/java-1.5.0-gcj-6-armhf/jre --enable-java-home --with-jvm-root-dir=/usr/lib/jvm/java-1.5.0-gcj-6-armhf --with-jvm-jar-dir=/usr/lib/jvm-exports/java-1.5.0-gcj-6-armhf --with-arch-directory=arm --with-ecj-jar=/usr/share/java/eclipse-ecj.jar --with-target-system-zlib --enable-objc-gc=auto --enable-multiarch --disable-sjlj-exceptions --with-arch=armv6 --with-fpu=vfp --with-float=hard --enable-checking=release --build=arm-linux-gnueabihf --host=arm-linux-gnueabihf --target=arm-linux-gnueabihf
Thread model: posix
gcc version 6.3.0 20170516 (Raspbian 6.3.0-18+rpi1+deb9u1) 
configure:3761: $? = 0
configure:3750: gcc -V >&5
gcc: error: unrecognized command line option '-V'
gcc: fatal error: no input files
compilation terminated.
configure:3761: $? = 1
configure:3750: gcc -qversion >&5
gcc: error: unrecognized command line option '-qversion'; did you mean '--version'?
gcc: fatal error: no input files
compilation terminated.
configure:3761: $? = 1
configure:3781: checking whether the C compiler works
configure:3803: gcc    conftest.c  >&5
configure:3807: $? = 0
configure:3855: result: yes
configure:3858: checking for C compiler default output file name
configure:3860: result: a.out
configure:3866: checking for suffix of executables
configure:3873: gcc -o conftest    conftest.c  >&5
configure:3877: $? = 0
configure:3899: result: 
configure:3921: checking whether we are cross compiling
configure:3929: gcc -o conftest    conftest.c  >&5
configure:3933: $? = 0
configure:3940: ./conftest
configure:3944: $? = 0
configure:3959: result: no
configure:3964: checking for suffix of object files
configure:3986: gcc -c   conftest.c >&5
configure:3990: $? = 0
configure:4011: result: o
configure:4015: checking whether we are using the GNU C compiler
configure:4034: gcc -c   conftest.c >&5
configure:4034: $? = 0
configure:4043: result: yes
configure:4052: checking whether gcc accepts -g
configure:4072: gcc -c -g  conftest.c >&5
configure:4072: $? = 0
configure:4113: result: yes
configure:4130: checking for gcc option to accept ISO C89
configure:4193: gcc  -c -g -O2  conftest.c >&5
configure:4193: $? = 0
configure:4206: result: none needed
configure:4237: checking for style of include used by make
configure:4265: result: GNU
configure:4291: checking dependency style of gcc
configure:4402: result: gcc3
configure:4418: checking whether gcc and cc understand -c and -o together
configure:4449: gcc -c conftest.c -o conftest2.o >&5
configure:4453: $? = 0
configure:4459: gcc -c conftest.c -o conftest2.o >&5
configure:4463: $? = 0
configure:4474: cc -c conftest.c >&5
configure:4478: $? = 0
configure:4486: cc -c conftest.c -o conftest2.o >&5
configure:4490: $? = 0
configure:4496: cc -c conftest.c -o conftest2.o >&5
configure:4500: $? = 0
configure:4518: result: yes
configure:4593: checking for ar
configure:4609: found /usr/bin/ar
configure:4620: result: ar
configure:4646: checking the archiver (ar) interface
configure:4656: gcc -c -g -O2  conftest.c >&5
configure:4656: $? = 0
configure:4658: ar cru libconftest.a conftest.o >&5
ar: `u' modifier ignored since `D' is the default (see `U')
configure:4661: $? = 0
configure:4684: result: ar
configure:4750: checking how to print strings
configure:4777: result: printf
configure:4798: checking for a sed that does not truncate output
configure:4862: result: /bin/sed
configure:4880: checking for grep that handles long lines and -e
configure:4938: result: /bin/grep
configure:4943: checking for egrep
configure:5005: result: /bin/grep -E
configure:5010: checking for fgrep
configure:5072: result: /bin/grep -F
configure:5107: checking for ld used by gcc
configure:5174: result: /usr/bin/ld
configure:5181: checking if the linker (/usr/bin/ld) is GNU ld
configure:5196: result: yes
configure:5208: checking for BSD- or MS-compatible name lister (nm)
configure:5257: result: /usr/bin/nm -B
configure:5387: checking the name lister (/usr/bin/nm -B) interface
configure:5394: gcc -c -g -O2  conftest.c >&5
configure:5397: /usr/bin/nm -B "conftest.o"
configure:5400: output
00000000 B some_variable
configure:5407: result: BSD nm
configure:5410: checking whether ln -s works
configure:5414: result: yes
configure:5422: checking the maximum length of command line arguments
configure:5552: result: 1572864
configure:5569: checking whether the shell understands some XSI constructs
configure:5579: result: yes
configure:5583: checking whether the shell understands "+="
configure:5589: result: yes
configure:5624: checking how to convert armv7l-unknown-linux-gnueabihf file names to armv7l-unknown-linux-gnueabihf format
configure:5664: result: func_convert_file_noop
configure:5671: checking how to convert armv7l-unknown-linux-gnueabihf file names to toolchain format
configure:5691: result: func_convert_file_noop
configure:5698: checking for /usr/bin/ld option to reload object files
configure:5705: result: -r
configure:5779: checking for objdump
configure:5795: found /usr/bin/objdump
configure:5806: result: objdump
configure:5838: checking how to recognize dependent libraries
configure:6040: result: pass_all
configure:6125: checking for dlltool
configure:6155: result: no
configure:6185: checking how to associate runtime and link libraries
configure:6212: result: printf %s\n
configure:6336: checking for archiver @FILE support
configure:6353: gcc -c -g -O2  conftest.c >&5
configure:6353: $? = 0
configure:6356: ar cru libconftest.a @conftest.lst >&5
ar: `u' modifier ignored since `D' is the default (see `U')
configure:6359: $? = 0
configure:6364: ar cru libconftest.a @conftest.lst >&5
ar: `u' modifier ignored since `D' is the default (see `U')
ar: conftest.o: No such file or directory
configure:6367: $? = 1
configure:6379: result: @
configure:6437: checking for strip
configure:6453: found /usr/bin/strip
configure:6464: result: strip
configure:6536: checking for ranlib
configure:6552: found /usr/bin/ranlib
configure:6563: result: ranlib
configure:6665: checking command to parse /usr/bin/nm -B output from gcc object
configure:6785: gcc -c -g -O2  conftest.c >&5
configure:6788: $? = 0
configure:6792: /usr/bin/nm -B conftest.o \| sed -n -e 's/^.*[ ]\([ABCDGIRSTW][ABCDGIRSTW]*\)[ ][ ]*\([_A-Za-z][_A-Za-z0-9]*\)$/\1 \2 \2/p' | sed '/ __gnu_lto/d' \> conftest.nm
configure:6795: $? = 0
configure:6861: gcc -o conftest -g -O2   conftest.c conftstm.o >&5
configure:6864: $? = 0
configure:6902: result: ok
configure:6939: checking for sysroot
configure:6969: result: no
configure:7225: checking for mt
configure:7241: found /bin/mt
configure:7252: result: mt
configure:7275: checking if mt is a manifest tool
configure:7281: mt '-?'
configure:7289: result: no
configure:7931: checking how to run the C preprocessor
configure:7962: gcc -E  conftest.c
configure:7962: $? = 0
configure:7976: gcc -E  conftest.c
conftest.c:27:28: fatal error: ac_nonexistent.h: No such file or directory
 #include <ac_nonexistent.h>
                            ^
compilation terminated.
configure:7976: $? = 1
configure: failed program was:
| /* confdefs.h */
| #define PACKAGE_NAME "libupnp"
| #define PACKAGE_TARNAME "libupnp"
| #define PACKAGE_VERSION "1.6.19"
| #define PACKAGE_STRING "libupnp 1.6.19"
| #define PACKAGE_BUGREPORT "mroberto@users.sourceforge.net"
| #define PACKAGE_URL ""
| #define PACKAGE "libupnp"
| #define VERSION "1.6.19"
| #define UPNP_VERSION_STRING "1.6.19"
| #define UPNP_VERSION_MAJOR 1
| #define UPNP_VERSION_MINOR 6
| #define UPNP_VERSION_PATCH 19
| #define NO_DEBUG 1
| #define NDEBUG 1
| #define UPNP_HAVE_CLIENT 1
| #define UPNP_HAVE_DEVICE 1
| #define UPNP_HAVE_WEBSERVER 1
| #define UPNP_HAVE_SSDP 1
| #define UPNP_HAVE_OPTSSDP 1
| #define UPNP_HAVE_SOAP 1
| #define UPNP_HAVE_GENA 1
| #define UPNP_HAVE_TOOLS 1
| #define UPNP_ENABLE_NOTIFICATION_REORDERING 1
| #define UPNP_ENABLE_BLOCKING_TCP_CONNECTIONS 1
| /* end confdefs.h.  */
| #include <ac_nonexistent.h>
configure:8001: result: gcc -E
configure:8021: gcc -E  conftest.c
configure:8021: $? = 0
configure:8035: gcc -E  conftest.c
conftest.c:27:28: fatal error: ac_nonexistent.h: No such file or directory
 #include <ac_nonexistent.h>
                            ^
compilation terminated.
configure:8035: $? = 1
configure: failed program was:
| /* confdefs.h */
| #define PACKAGE_NAME "libupnp"
| #define PACKAGE_TARNAME "libupnp"
| #define PACKAGE_VERSION "1.6.19"
| #define PACKAGE_STRING "libupnp 1.6.19"
| #define PACKAGE_BUGREPORT "mroberto@users.sourceforge.net"
| #define PACKAGE_URL ""
| #define PACKAGE "libupnp"
| #define VERSION "1.6.19"
| #define UPNP_VERSION_STRING "1.6.19"
| #define UPNP_VERSION_MAJOR 1
| #define UPNP_VERSION_MINOR 6
| #define UPNP_VERSION_PATCH 19
| #define NO_DEBUG 1
| #define NDEBUG 1
| #define UPNP_HAVE_CLIENT 1
| #define UPNP_HAVE_DEVICE 1
| #define UPNP_HAVE_WEBSERVER 1
| #define UPNP_HAVE_SSDP 1
| #define UPNP_HAVE_OPTSSDP 1
| #define UPNP_HAVE_SOAP 1
| #define UPNP_HAVE_GENA 1
| #define UPNP_HAVE_TOOLS 1
| #define UPNP_ENABLE_NOTIFICATION_REORDERING 1
| #define UPNP_ENABLE_BLOCKING_TCP_CONNECTIONS 1
| /* end confdefs.h.  */
| #include <ac_nonexistent.h>
configure:8064: checking for ANSI C header files
configure:8084: gcc -c -g -O2  conftest.c >&5
configure:8084: $? = 0
configure:8157: gcc -o conftest -g -O2   conftest.c  >&5
configure:8157: $? = 0
configure:8157: ./conftest
configure:8157: $? = 0
configure:8168: result: yes
configure:8181: checking for sys/types.h
configure:8181: gcc -c -g -O2  conftest.c >&5
configure:8181: $? = 0
configure:8181: result: yes
configure:8181: checking for sys/stat.h
configure:8181: gcc -c -g -O2  conftest.c >&5
configure:8181: $? = 0
configure:8181: result: yes
configure:8181: checking for stdlib.h
configure:8181: gcc -c -g -O2  conftest.c >&5
configure:8181: $? = 0
configure:8181: result: yes
configure:8181: checking for string.h
configure:8181: gcc -c -g -O2  conftest.c >&5
configure:8181: $? = 0
configure:8181: result: yes
configure:8181: checking for memory.h
configure:8181: gcc -c -g -O2  conftest.c >&5
configure:8181: $? = 0
configure:8181: result: yes
configure:8181: checking for strings.h
configure:8181: gcc -c -g -O2  conftest.c >&5
configure:8181: $? = 0
configure:8181: result: yes
configure:8181: checking for inttypes.h
configure:8181: gcc -c -g -O2  conftest.c >&5
configure:8181: $? = 0
configure:8181: result: yes
configure:8181: checking for stdint.h
configure:8181: gcc -c -g -O2  conftest.c >&5
configure:8181: $? = 0
configure:8181: result: yes
configure:8181: checking for unistd.h
configure:8181: gcc -c -g -O2  conftest.c >&5
configure:8181: $? = 0
configure:8181: result: yes
configure:8195: checking for dlfcn.h
configure:8195: gcc -c -g -O2  conftest.c >&5
configure:8195: $? = 0
configure:8195: result: yes
configure:8401: checking for objdir
configure:8416: result: .libs
configure:8687: checking if gcc supports -fno-rtti -fno-exceptions
configure:8705: gcc -c -g -O2  -fno-rtti -fno-exceptions conftest.c >&5
cc1: warning: command line option '-fno-rtti' is valid for C++/ObjC++ but not for C
configure:8709: $? = 0
configure:8722: result: no
configure:9049: checking for gcc option to produce PIC
configure:9056: result: -fPIC -DPIC
configure:9064: checking if gcc PIC flag -fPIC -DPIC works
configure:9082: gcc -c -g -O2  -fPIC -DPIC -DPIC conftest.c >&5
configure:9086: $? = 0
configure:9099: result: yes
configure:9128: checking if gcc static flag -static works
configure:9156: result: yes
configure:9171: checking if gcc supports -c -o file.o
configure:9192: gcc -c -g -O2  -o out/conftest2.o conftest.c >&5
configure:9196: $? = 0
configure:9218: result: yes
configure:9226: checking if gcc supports -c -o file.o
configure:9273: result: yes
configure:9306: checking whether the gcc linker (/usr/bin/ld) supports shared libraries
configure:10459: result: yes
configure:10496: checking whether -lc should be explicitly linked in
configure:10504: gcc -c -g -O2  conftest.c >&5
configure:10507: $? = 0
configure:10522: gcc -shared  -fPIC -DPIC conftest.o  -v -Wl,-soname -Wl,conftest -o conftest 2\>\&1 \| /bin/grep  -lc  \>/dev/null 2\>\&1
configure:10525: $? = 0
configure:10539: result: no
configure:10699: checking dynamic linker characteristics
configure:11210: gcc -o conftest -g -O2   -Wl,-rpath -Wl,/foo conftest.c  >&5
configure:11210: $? = 0
configure:11432: result: GNU/Linux ld.so
configure:11539: checking how to hardcode library paths into programs
configure:11564: result: immediate
configure:12104: checking whether stripping libraries is possible
configure:12109: result: yes
configure:12144: checking if libtool supports shared libraries
configure:12146: result: yes
configure:12149: checking whether to build shared libraries
configure:12170: result: yes
configure:12173: checking whether to build static libraries
configure:12177: result: yes
configure:12215: checking whether make sets $(MAKE)
configure:12237: result: yes
configure:12246: checking for egrep
configure:12308: result: /bin/grep -E
configure:12397: checking CFLAGS for gcc -Os
configure:12424: gcc -c -g -O2 -pedantic -Werror  -Os  conftest.c >&5
configure:12424: $? = 0
configure:12438: result: -Os
configure:12450: : CFLAGS="$CFLAGS $ac_cv_cflags_gcc_option__Os"
configure:12453: $? = 0
configure:12464: checking CFLAGS for maximum warnings
configure:12491: gcc -c -g -O2 -Os -pedantic  -Wall  conftest.c >&5
configure:12491: $? = 0
configure:12505: result: -Wall
configure:12518: : CFLAGS="$CFLAGS $ac_cv_cflags_warn_all"
configure:12521: $? = 0
configure:12534: checking for size_t
configure:12534: gcc -c -g -O2 -Os -Wall  conftest.c >&5
configure:12534: $? = 0
configure:12534: gcc -c -g -O2 -Os -Wall  conftest.c >&5
conftest.c: In function 'main':
conftest.c:75:21: error: expected expression before ')' token
 if (sizeof ((size_t)))
                     ^
configure:12534: $? = 1
configure: failed program was:
| /* confdefs.h */
| #define PACKAGE_NAME "libupnp"
| #define PACKAGE_TARNAME "libupnp"
| #define PACKAGE_VERSION "1.6.19"
| #define PACKAGE_STRING "libupnp 1.6.19"
| #define PACKAGE_BUGREPORT "mroberto@users.sourceforge.net"
| #define PACKAGE_URL ""
| #define PACKAGE "libupnp"
| #define VERSION "1.6.19"
| #define UPNP_VERSION_STRING "1.6.19"
| #define UPNP_VERSION_MAJOR 1
| #define UPNP_VERSION_MINOR 6
| #define UPNP_VERSION_PATCH 19
| #define NO_DEBUG 1
| #define NDEBUG 1
| #define UPNP_HAVE_CLIENT 1
| #define UPNP_HAVE_DEVICE 1
| #define UPNP_HAVE_WEBSERVER 1
| #define UPNP_HAVE_SSDP 1
| #define UPNP_HAVE_OPTSSDP 1
| #define UPNP_HAVE_SOAP 1
| #define UPNP_HAVE_GENA 1
| #define UPNP_HAVE_TOOLS 1
| #define UPNP_ENABLE_NOTIFICATION_REORDERING 1
| #define UPNP_ENABLE_BLOCKING_TCP_CONNECTIONS 1
| #define STDC_HEADERS 1
| #define HAVE_SYS_TYPES_H 1
| #define HAVE_SYS_STAT_H 1
| #define HAVE_STDLIB_H 1
| #define HAVE_STRING_H 1
| #define HAVE_MEMORY_H 1
| #define HAVE_STRINGS_H 1
| #define HAVE_INTTYPES_H 1
| #define HAVE_STDINT_H 1
| #define HAVE_UNISTD_H 1
| #define HAVE_DLFCN_H 1
| #define LT_OBJDIR ".libs/"
| /* end confdefs.h.  */
| #include <stdio.h>
| #ifdef HAVE_SYS_TYPES_H
| # include <sys/types.h>
| #endif
| #ifdef HAVE_SYS_STAT_H
| # include <sys/stat.h>
| #endif
| #ifdef STDC_HEADERS
| # include <stdlib.h>
| # include <stddef.h>
| #else
| # ifdef HAVE_STDLIB_H
| #  include <stdlib.h>
| # endif
| #endif
| #ifdef HAVE_STRING_H
| # if !defined STDC_HEADERS && defined HAVE_MEMORY_H
| #  include <memory.h>
| # endif
| # include <string.h>
| #endif
| #ifdef HAVE_STRINGS_H
| # include <strings.h>
| #endif
| #ifdef HAVE_INTTYPES_H
| # include <inttypes.h>
| #endif
| #ifdef HAVE_STDINT_H
| # include <stdint.h>
| #endif
| #ifdef HAVE_UNISTD_H
| # include <unistd.h>
| #endif
| int
| main ()
| {
| if (sizeof ((size_t)))
| 	    return 0;
|   ;
|   return 0;
| }
configure:12534: result: yes
configure:12545: checking for off_t
configure:12545: gcc -c -g -O2 -Os -Wall  conftest.c >&5
configure:12545: $? = 0
configure:12545: gcc -c -g -O2 -Os -Wall  conftest.c >&5
conftest.c: In function 'main':
conftest.c:75:20: error: expected expression before ')' token
 if (sizeof ((off_t)))
                    ^
configure:12545: $? = 1
configure: failed program was:
| /* confdefs.h */
| #define PACKAGE_NAME "libupnp"
| #define PACKAGE_TARNAME "libupnp"
| #define PACKAGE_VERSION "1.6.19"
| #define PACKAGE_STRING "libupnp 1.6.19"
| #define PACKAGE_BUGREPORT "mroberto@users.sourceforge.net"
| #define PACKAGE_URL ""
| #define PACKAGE "libupnp"
| #define VERSION "1.6.19"
| #define UPNP_VERSION_STRING "1.6.19"
| #define UPNP_VERSION_MAJOR 1
| #define UPNP_VERSION_MINOR 6
| #define UPNP_VERSION_PATCH 19
| #define NO_DEBUG 1
| #define NDEBUG 1
| #define UPNP_HAVE_CLIENT 1
| #define UPNP_HAVE_DEVICE 1
| #define UPNP_HAVE_WEBSERVER 1
| #define UPNP_HAVE_SSDP 1
| #define UPNP_HAVE_OPTSSDP 1
| #define UPNP_HAVE_SOAP 1
| #define UPNP_HAVE_GENA 1
| #define UPNP_HAVE_TOOLS 1
| #define UPNP_ENABLE_NOTIFICATION_REORDERING 1
| #define UPNP_ENABLE_BLOCKING_TCP_CONNECTIONS 1
| #define STDC_HEADERS 1
| #define HAVE_SYS_TYPES_H 1
| #define HAVE_SYS_STAT_H 1
| #define HAVE_STDLIB_H 1
| #define HAVE_STRING_H 1
| #define HAVE_MEMORY_H 1
| #define HAVE_STRINGS_H 1
| #define HAVE_INTTYPES_H 1
| #define HAVE_STDINT_H 1
| #define HAVE_UNISTD_H 1
| #define HAVE_DLFCN_H 1
| #define LT_OBJDIR ".libs/"
| /* end confdefs.h.  */
| #include <stdio.h>
| #ifdef HAVE_SYS_TYPES_H
| # include <sys/types.h>
| #endif
| #ifdef HAVE_SYS_STAT_H
| # include <sys/stat.h>
| #endif
| #ifdef STDC_HEADERS
| # include <stdlib.h>
| # include <stddef.h>
| #else
| # ifdef HAVE_STDLIB_H
| #  include <stdlib.h>
| # endif
| #endif
| #ifdef HAVE_STRING_H
| # if !defined STDC_HEADERS && defined HAVE_MEMORY_H
| #  include <memory.h>
| # endif
| # include <string.h>
| #endif
| #ifdef HAVE_STRINGS_H
| # include <strings.h>
| #endif
| #ifdef HAVE_INTTYPES_H
| # include <inttypes.h>
| #endif
| #ifdef HAVE_STDINT_H
| # include <stdint.h>
| #endif
| #ifdef HAVE_UNISTD_H
| # include <unistd.h>
| #endif
| int
| main ()
| {
| if (sizeof ((off_t)))
| 	    return 0;
|   ;
|   return 0;
| }
configure:12545: result: yes
configure:12567: checking for Win32
configure:12584: gcc -c -g -O2 -Os -Wall  conftest.c >&5
configure:12584: $? = 0
configure:12594: result: no
configure:12602: checking for ANSI C header files
configure:12706: result: yes
configure:12734: checking arpa/inet.h usability
configure:12734: gcc -c -g -O2 -Os -Wall  conftest.c >&5
configure:12734: $? = 0
configure:12734: result: yes
configure:12734: checking arpa/inet.h presence
configure:12734: gcc -E  conftest.c
configure:12734: $? = 0
configure:12734: result: yes
configure:12734: checking for arpa/inet.h
configure:12734: result: yes
configure:12734: checking fcntl.h usability
configure:12734: gcc -c -g -O2 -Os -Wall  conftest.c >&5
configure:12734: $? = 0
configure:12734: result: yes
configure:12734: checking fcntl.h presence
configure:12734: gcc -E  conftest.c
configure:12734: $? = 0
configure:12734: result: yes
configure:12734: checking for fcntl.h
configure:12734: result: yes
configure:12734: checking for inttypes.h
configure:12734: result: yes
configure:12734: checking limits.h usability
configure:12734: gcc -c -g -O2 -Os -Wall  conftest.c >&5
configure:12734: $? = 0
configure:12734: result: yes
configure:12734: checking limits.h presence
configure:12734: gcc -E  conftest.c
configure:12734: $? = 0
configure:12734: result: yes
configure:12734: checking for limits.h
configure:12734: result: yes
configure:12734: checking netdb.h usability
configure:12734: gcc -c -g -O2 -Os -Wall  conftest.c >&5
configure:12734: $? = 0
configure:12734: result: yes
configure:12734: checking netdb.h presence
configure:12734: gcc -E  conftest.c
configure:12734: $? = 0
configure:12734: result: yes
configure:12734: checking for netdb.h
configure:12734: result: yes
configure:12734: checking netinet/in.h usability
configure:12734: gcc -c -g -O2 -Os -Wall  conftest.c >&5
configure:12734: $? = 0
configure:12734: result: yes
configure:12734: checking netinet/in.h presence
configure:12734: gcc -E  conftest.c
configure:12734: $? = 0
configure:12734: result: yes
configure:12734: checking for netinet/in.h
configure:12734: result: yes
configure:12734: checking for stdlib.h
configure:12734: result: yes
configure:12734: checking for string.h
configure:12734: result: yes
configure:12734: checking sys/ioctl.h usability
configure:12734: gcc -c -g -O2 -Os -Wall  conftest.c >&5
configure:12734: $? = 0
configure:12734: result: yes
configure:12734: checking sys/ioctl.h presence
configure:12734: gcc -E  conftest.c
configure:12734: $? = 0
configure:12734: result: yes
configure:12734: checking for sys/ioctl.h
configure:12734: result: yes
configure:12734: checking sys/socket.h usability
configure:12734: gcc -c -g -O2 -Os -Wall  conftest.c >&5
configure:12734: $? = 0
configure:12734: result: yes
configure:12734: checking sys/socket.h presence
configure:12734: gcc -E  conftest.c
configure:12734: $? = 0
configure:12734: result: yes
configure:12734: checking for sys/socket.h
configure:12734: result: yes
configure:12734: checking sys/time.h usability
configure:12734: gcc -c -g -O2 -Os -Wall  conftest.c >&5
configure:12734: $? = 0
configure:12734: result: yes
configure:12734: checking sys/time.h presence
configure:12734: gcc -E  conftest.c
configure:12734: $? = 0
configure:12734: result: yes
configure:12734: checking for sys/time.h
configure:12734: result: yes
configure:12734: checking syslog.h usability
configure:12734: gcc -c -g -O2 -Os -Wall  conftest.c >&5
configure:12734: $? = 0
configure:12734: result: yes
configure:12734: checking syslog.h presence
configure:12734: gcc -E  conftest.c
configure:12734: $? = 0
configure:12734: result: yes
configure:12734: checking for syslog.h
configure:12734: result: yes
configure:12734: checking for unistd.h
configure:12734: result: yes
configure:12752: checking for an ANSI C-conforming const
configure:12818: gcc -c -g -O2 -Os -Wall  conftest.c >&5
configure:12818: $? = 0
configure:12825: result: yes
configure:12841: checking for sys/types.h
configure:12841: result: yes
configure:12841: checking for sys/socket.h
configure:12841: result: yes
configure:12841: checking ws2tcpip.h usability
configure:12841: gcc -c -g -O2 -Os -Wall  conftest.c >&5
conftest.c:90:22: fatal error: ws2tcpip.h: No such file or directory
 #include <ws2tcpip.h>
                      ^
compilation terminated.
configure:12841: $? = 1
configure: failed program was:
| /* confdefs.h */
| #define PACKAGE_NAME "libupnp"
| #define PACKAGE_TARNAME "libupnp"
| #define PACKAGE_VERSION "1.6.19"
| #define PACKAGE_STRING "libupnp 1.6.19"
| #define PACKAGE_BUGREPORT "mroberto@users.sourceforge.net"
| #define PACKAGE_URL ""
| #define PACKAGE "libupnp"
| #define VERSION "1.6.19"
| #define UPNP_VERSION_STRING "1.6.19"
| #define UPNP_VERSION_MAJOR 1
| #define UPNP_VERSION_MINOR 6
| #define UPNP_VERSION_PATCH 19
| #define NO_DEBUG 1
| #define NDEBUG 1
| #define UPNP_HAVE_CLIENT 1
| #define UPNP_HAVE_DEVICE 1
| #define UPNP_HAVE_WEBSERVER 1
| #define UPNP_HAVE_SSDP 1
| #define UPNP_HAVE_OPTSSDP 1
| #define UPNP_HAVE_SOAP 1
| #define UPNP_HAVE_GENA 1
| #define UPNP_HAVE_TOOLS 1
| #define UPNP_ENABLE_NOTIFICATION_REORDERING 1
| #define UPNP_ENABLE_BLOCKING_TCP_CONNECTIONS 1
| #define STDC_HEADERS 1
| #define HAVE_SYS_TYPES_H 1
| #define HAVE_SYS_STAT_H 1
| #define HAVE_STDLIB_H 1
| #define HAVE_STRING_H 1
| #define HAVE_MEMORY_H 1
| #define HAVE_STRINGS_H 1
| #define HAVE_INTTYPES_H 1
| #define HAVE_STDINT_H 1
| #define HAVE_UNISTD_H 1
| #define HAVE_DLFCN_H 1
| #define LT_OBJDIR ".libs/"
| #define _LARGE_FILE_SOURCE /**/
| #define _FILE_OFFSET_BITS 64
| #define STDC_HEADERS 1
| #define HAVE_ARPA_INET_H 1
| #define HAVE_FCNTL_H 1
| #define HAVE_INTTYPES_H 1
| #define HAVE_LIMITS_H 1
| #define HAVE_NETDB_H 1
| #define HAVE_NETINET_IN_H 1
| #define HAVE_STDLIB_H 1
| #define HAVE_STRING_H 1
| #define HAVE_SYS_IOCTL_H 1
| #define HAVE_SYS_SOCKET_H 1
| #define HAVE_SYS_TIME_H 1
| #define HAVE_SYSLOG_H 1
| #define HAVE_UNISTD_H 1
| #define HAVE_SYS_TYPES_H 1
| #define HAVE_SYS_SOCKET_H 1
| /* end confdefs.h.  */
| #include <stdio.h>
| #ifdef HAVE_SYS_TYPES_H
| # include <sys/types.h>
| #endif
| #ifdef HAVE_SYS_STAT_H
| # include <sys/stat.h>
| #endif
| #ifdef STDC_HEADERS
| # include <stdlib.h>
| # include <stddef.h>
| #else
| # ifdef HAVE_STDLIB_H
| #  include <stdlib.h>
| # endif
| #endif
| #ifdef HAVE_STRING_H
| # if !defined STDC_HEADERS && defined HAVE_MEMORY_H
| #  include <memory.h>
| # endif
| # include <string.h>
| #endif
| #ifdef HAVE_STRINGS_H
| # include <strings.h>
| #endif
| #ifdef HAVE_INTTYPES_H
| # include <inttypes.h>
| #endif
| #ifdef HAVE_STDINT_H
| # include <stdint.h>
| #endif
| #ifdef HAVE_UNISTD_H
| # include <unistd.h>
| #endif
| #include <ws2tcpip.h>
configure:12841: result: no
configure:12841: checking ws2tcpip.h presence
configure:12841: gcc -E  conftest.c
conftest.c:57:22: fatal error: ws2tcpip.h: No such file or directory
 #include <ws2tcpip.h>
                      ^
compilation terminated.
configure:12841: $? = 1
configure: failed program was:
| /* confdefs.h */
| #define PACKAGE_NAME "libupnp"
| #define PACKAGE_TARNAME "libupnp"
| #define PACKAGE_VERSION "1.6.19"
| #define PACKAGE_STRING "libupnp 1.6.19"
| #define PACKAGE_BUGREPORT "mroberto@users.sourceforge.net"
| #define PACKAGE_URL ""
| #define PACKAGE "libupnp"
| #define VERSION "1.6.19"
| #define UPNP_VERSION_STRING "1.6.19"
| #define UPNP_VERSION_MAJOR 1
| #define UPNP_VERSION_MINOR 6
| #define UPNP_VERSION_PATCH 19
| #define NO_DEBUG 1
| #define NDEBUG 1
| #define UPNP_HAVE_CLIENT 1
| #define UPNP_HAVE_DEVICE 1
| #define UPNP_HAVE_WEBSERVER 1
| #define UPNP_HAVE_SSDP 1
| #define UPNP_HAVE_OPTSSDP 1
| #define UPNP_HAVE_SOAP 1
| #define UPNP_HAVE_GENA 1
| #define UPNP_HAVE_TOOLS 1
| #define UPNP_ENABLE_NOTIFICATION_REORDERING 1
| #define UPNP_ENABLE_BLOCKING_TCP_CONNECTIONS 1
| #define STDC_HEADERS 1
| #define HAVE_SYS_TYPES_H 1
| #define HAVE_SYS_STAT_H 1
| #define HAVE_STDLIB_H 1
| #define HAVE_STRING_H 1
| #define HAVE_MEMORY_H 1
| #define HAVE_STRINGS_H 1
| #define HAVE_INTTYPES_H 1
| #define HAVE_STDINT_H 1
| #define HAVE_UNISTD_H 1
| #define HAVE_DLFCN_H 1
| #define LT_OBJDIR ".libs/"
| #define _LARGE_FILE_SOURCE /**/
| #define _FILE_OFFSET_BITS 64
| #define STDC_HEADERS 1
| #define HAVE_ARPA_INET_H 1
| #define HAVE_FCNTL_H 1
| #define HAVE_INTTYPES_H 1
| #define HAVE_LIMITS_H 1
| #define HAVE_NETDB_H 1
| #define HAVE_NETINET_IN_H 1
| #define HAVE_STDLIB_H 1
| #define HAVE_STRING_H 1
| #define HAVE_SYS_IOCTL_H 1
| #define HAVE_SYS_SOCKET_H 1
| #define HAVE_SYS_TIME_H 1
| #define HAVE_SYSLOG_H 1
| #define HAVE_UNISTD_H 1
| #define HAVE_SYS_TYPES_H 1
| #define HAVE_SYS_SOCKET_H 1
| /* end confdefs.h.  */
| #include <ws2tcpip.h>
configure:12841: result: no
configure:12841: checking for ws2tcpip.h
configure:12841: result: no
configure:12851: checking for socklen_t
configure:12875: gcc -c -g -O2 -Os -Wall  conftest.c >&5
configure:12875: $? = 0
configure:12882: result: yes
configure:12898: checking for vprintf
configure:12898: gcc -o conftest -g -O2 -Os -Wall   conftest.c  >&5
conftest.c:80:6: warning: conflicting types for built-in function 'vprintf'
 char vprintf ();
      ^~~~~~~
configure:12898: $? = 0
configure:12898: result: yes
configure:12904: checking for _doprnt
configure:12904: gcc -o conftest -g -O2 -Os -Wall   conftest.c  >&5
/tmp/ccmYHZ6Y.o: In function `main':
/usr/src/SABA-Tischfernsprecher-W48/libupnp/conftest.c:92: undefined reference to `_doprnt'
collect2: error: ld returned 1 exit status
configure:12904: $? = 1
configure: failed program was:
| /* confdefs.h */
| #define PACKAGE_NAME "libupnp"
| #define PACKAGE_TARNAME "libupnp"
| #define PACKAGE_VERSION "1.6.19"
| #define PACKAGE_STRING "libupnp 1.6.19"
| #define PACKAGE_BUGREPORT "mroberto@users.sourceforge.net"
| #define PACKAGE_URL ""
| #define PACKAGE "libupnp"
| #define VERSION "1.6.19"
| #define UPNP_VERSION_STRING "1.6.19"
| #define UPNP_VERSION_MAJOR 1
| #define UPNP_VERSION_MINOR 6
| #define UPNP_VERSION_PATCH 19
| #define NO_DEBUG 1
| #define NDEBUG 1
| #define UPNP_HAVE_CLIENT 1
| #define UPNP_HAVE_DEVICE 1
| #define UPNP_HAVE_WEBSERVER 1
| #define UPNP_HAVE_SSDP 1
| #define UPNP_HAVE_OPTSSDP 1
| #define UPNP_HAVE_SOAP 1
| #define UPNP_HAVE_GENA 1
| #define UPNP_HAVE_TOOLS 1
| #define UPNP_ENABLE_NOTIFICATION_REORDERING 1
| #define UPNP_ENABLE_BLOCKING_TCP_CONNECTIONS 1
| #define STDC_HEADERS 1
| #define HAVE_SYS_TYPES_H 1
| #define HAVE_SYS_STAT_H 1
| #define HAVE_STDLIB_H 1
| #define HAVE_STRING_H 1
| #define HAVE_MEMORY_H 1
| #define HAVE_STRINGS_H 1
| #define HAVE_INTTYPES_H 1
| #define HAVE_STDINT_H 1
| #define HAVE_UNISTD_H 1
| #define HAVE_DLFCN_H 1
| #define LT_OBJDIR ".libs/"
| #define _LARGE_FILE_SOURCE /**/
| #define _FILE_OFFSET_BITS 64
| #define STDC_HEADERS 1
| #define HAVE_ARPA_INET_H 1
| #define HAVE_FCNTL_H 1
| #define HAVE_INTTYPES_H 1
| #define HAVE_LIMITS_H 1
| #define HAVE_NETDB_H 1
| #define HAVE_NETINET_IN_H 1
| #define HAVE_STDLIB_H 1
| #define HAVE_STRING_H 1
| #define HAVE_SYS_IOCTL_H 1
| #define HAVE_SYS_SOCKET_H 1
| #define HAVE_SYS_TIME_H 1
| #define HAVE_SYSLOG_H 1
| #define HAVE_UNISTD_H 1
| #define HAVE_SYS_TYPES_H 1
| #define HAVE_SYS_SOCKET_H 1
| #define HAVE_VPRINTF 1
| /* end confdefs.h.  */
| /* Define _doprnt to an innocuous variant, in case <limits.h> declares _doprnt.
|    For example, HP-UX 11i <limits.h> declares gettimeofday.  */
| #define _doprnt innocuous__doprnt
| 
| /* System header to define __stub macros and hopefully few prototypes,
|     which can conflict with char _doprnt (); below.
|     Prefer <limits.h> to <assert.h> if __STDC__ is defined, since
|     <limits.h> exists even on freestanding compilers.  */
| 
| #ifdef __STDC__
| # include <limits.h>
| #else
| # include <assert.h>
| #endif
| 
| #undef _doprnt
| 
| /* Override any GCC internal prototype to avoid an error.
|    Use char because int might match the return type of a GCC
|    builtin and then its argument prototype would still apply.  */
| #ifdef __cplusplus
| extern "C"
| #endif
| char _doprnt ();
| /* The GNU C library defines this for functions which it implements
|     to always fail with ENOSYS.  Some functions are actually named
|     something starting with __ and the normal name is an alias.  */
| #if defined __stub__doprnt || defined __stub____doprnt
| choke me
| #endif
| 
| int
| main ()
| {
| return _doprnt ();
|   ;
|   return 0;
| }
configure:12904: result: no
configure:12915: checking for _LARGEFILE_SOURCE value needed for large files
configure:12934: gcc -o conftest -g -O2 -Os -Wall   conftest.c  >&5
configure:12934: $? = 0
configure:12962: result: no
configure:12983: checking for strnlen
configure:12983: gcc -o conftest -g -O2 -Os -Wall   conftest.c  >&5
configure:12983: $? = 0
configure:12983: result: yes
configure:12990: checking for strndup
configure:12990: gcc -o conftest -g -O2 -Os -Wall   conftest.c  >&5
conftest.c:83:6: warning: conflicting types for built-in function 'strndup'
 char strndup ();
      ^~~~~~~
configure:12990: $? = 0
configure:12990: result: yes
configure:12999: checking for library containing bind
configure:13030: gcc -o conftest -g -O2 -Os -Wall   conftest.c  >&5
configure:13030: $? = 0
configure:13047: result: none required
configure:13055: checking for library containing gethostbyname
configure:13086: gcc -o conftest -g -O2 -Os -Wall   conftest.c  >&5
configure:13086: $? = 0
configure:13103: result: none required
configure:13111: checking for library containing sched_getparam
configure:13142: gcc -o conftest -g -O2 -Os -Wall   conftest.c  >&5
configure:13142: $? = 0
configure:13159: result: none required
configure:13338: checking for the pthreads library -lpthreads
configure:13371: gcc -o conftest -g -O2 -Os -Wall    conftest.c -lpthreads  >&5
conftest.c: In function 'main':
conftest.c:66:22: warning: null argument where non-null required (argument 1) [-Wnonnull]
                      pthread_attr_init(0); pthread_cleanup_push(0, 0);
                      ^~~~~~~~~~~~~~~~~
conftest.c:67:22: warning: null argument where non-null required (argument 1) [-Wnonnull]
                      pthread_create(0,0,0,0); pthread_cleanup_pop(0);
                      ^~~~~~~~~~~~~~
conftest.c:67:22: warning: null argument where non-null required (argument 3) [-Wnonnull]
conftest.c:65:15: warning: 'th' is used uninitialized in this function [-Wuninitialized]
 pthread_t th; pthread_join(th, 0);
               ^~~~~~~~~~~~~~~~~~~
/usr/bin/ld: cannot find -lpthreads
collect2: error: ld returned 1 exit status
configure:13371: $? = 1
configure: failed program was:
| /* confdefs.h */
| #define PACKAGE_NAME "libupnp"
| #define PACKAGE_TARNAME "libupnp"
| #define PACKAGE_VERSION "1.6.19"
| #define PACKAGE_STRING "libupnp 1.6.19"
| #define PACKAGE_BUGREPORT "mroberto@users.sourceforge.net"
| #define PACKAGE_URL ""
| #define PACKAGE "libupnp"
| #define VERSION "1.6.19"
| #define UPNP_VERSION_STRING "1.6.19"
| #define UPNP_VERSION_MAJOR 1
| #define UPNP_VERSION_MINOR 6
| #define UPNP_VERSION_PATCH 19
| #define NO_DEBUG 1
| #define NDEBUG 1
| #define UPNP_HAVE_CLIENT 1
| #define UPNP_HAVE_DEVICE 1
| #define UPNP_HAVE_WEBSERVER 1
| #define UPNP_HAVE_SSDP 1
| #define UPNP_HAVE_OPTSSDP 1
| #define UPNP_HAVE_SOAP 1
| #define UPNP_HAVE_GENA 1
| #define UPNP_HAVE_TOOLS 1
| #define UPNP_ENABLE_NOTIFICATION_REORDERING 1
| #define UPNP_ENABLE_BLOCKING_TCP_CONNECTIONS 1
| #define STDC_HEADERS 1
| #define HAVE_SYS_TYPES_H 1
| #define HAVE_SYS_STAT_H 1
| #define HAVE_STDLIB_H 1
| #define HAVE_STRING_H 1
| #define HAVE_MEMORY_H 1
| #define HAVE_STRINGS_H 1
| #define HAVE_INTTYPES_H 1
| #define HAVE_STDINT_H 1
| #define HAVE_UNISTD_H 1
| #define HAVE_DLFCN_H 1
| #define LT_OBJDIR ".libs/"
| #define _LARGE_FILE_SOURCE /**/
| #define _FILE_OFFSET_BITS 64
| #define STDC_HEADERS 1
| #define HAVE_ARPA_INET_H 1
| #define HAVE_FCNTL_H 1
| #define HAVE_INTTYPES_H 1
| #define HAVE_LIMITS_H 1
| #define HAVE_NETDB_H 1
| #define HAVE_NETINET_IN_H 1
| #define HAVE_STDLIB_H 1
| #define HAVE_STRING_H 1
| #define HAVE_SYS_IOCTL_H 1
| #define HAVE_SYS_SOCKET_H 1
| #define HAVE_SYS_TIME_H 1
| #define HAVE_SYSLOG_H 1
| #define HAVE_UNISTD_H 1
| #define HAVE_SYS_TYPES_H 1
| #define HAVE_SYS_SOCKET_H 1
| #define HAVE_VPRINTF 1
| #define HAVE_FSEEKO 1
| #define HAVE_STRNLEN 1
| #define HAVE_STRNDUP 1
| /* end confdefs.h.  */
| #include <pthread.h>
| int
| main ()
| {
| pthread_t th; pthread_join(th, 0);
|                      pthread_attr_init(0); pthread_cleanup_push(0, 0);
|                      pthread_create(0,0,0,0); pthread_cleanup_pop(0);
|   ;
|   return 0;
| }
configure:13380: result: no
configure:13283: checking whether pthreads work without any flags
configure:13371: gcc -o conftest -g -O2 -Os -Wall    conftest.c   >&5
conftest.c: In function 'main':
conftest.c:66:22: warning: null argument where non-null required (argument 1) [-Wnonnull]
                      pthread_attr_init(0); pthread_cleanup_push(0, 0);
                      ^~~~~~~~~~~~~~~~~
conftest.c:67:22: warning: null argument where non-null required (argument 1) [-Wnonnull]
                      pthread_create(0,0,0,0); pthread_cleanup_pop(0);
                      ^~~~~~~~~~~~~~
conftest.c:67:22: warning: null argument where non-null required (argument 3) [-Wnonnull]
conftest.c:65:15: warning: 'th' is used uninitialized in this function [-Wuninitialized]
 pthread_t th; pthread_join(th, 0);
               ^~~~~~~~~~~~~~~~~~~
/tmp/ccCrpH2T.o: In function `main':
/usr/src/SABA-Tischfernsprecher-W48/libupnp/conftest.c:65: undefined reference to `pthread_join'
/usr/src/SABA-Tischfernsprecher-W48/libupnp/conftest.c:66: undefined reference to `__pthread_register_cancel'
/usr/src/SABA-Tischfernsprecher-W48/libupnp/conftest.c:67: undefined reference to `pthread_create'
/usr/src/SABA-Tischfernsprecher-W48/libupnp/conftest.c:67: undefined reference to `__pthread_unregister_cancel'
collect2: error: ld returned 1 exit status
configure:13371: $? = 1
configure: failed program was:
| /* confdefs.h */
| #define PACKAGE_NAME "libupnp"
| #define PACKAGE_TARNAME "libupnp"
| #define PACKAGE_VERSION "1.6.19"
| #define PACKAGE_STRING "libupnp 1.6.19"
| #define PACKAGE_BUGREPORT "mroberto@users.sourceforge.net"
| #define PACKAGE_URL ""
| #define PACKAGE "libupnp"
| #define VERSION "1.6.19"
| #define UPNP_VERSION_STRING "1.6.19"
| #define UPNP_VERSION_MAJOR 1
| #define UPNP_VERSION_MINOR 6
| #define UPNP_VERSION_PATCH 19
| #define NO_DEBUG 1
| #define NDEBUG 1
| #define UPNP_HAVE_CLIENT 1
| #define UPNP_HAVE_DEVICE 1
| #define UPNP_HAVE_WEBSERVER 1
| #define UPNP_HAVE_SSDP 1
| #define UPNP_HAVE_OPTSSDP 1
| #define UPNP_HAVE_SOAP 1
| #define UPNP_HAVE_GENA 1
| #define UPNP_HAVE_TOOLS 1
| #define UPNP_ENABLE_NOTIFICATION_REORDERING 1
| #define UPNP_ENABLE_BLOCKING_TCP_CONNECTIONS 1
| #define STDC_HEADERS 1
| #define HAVE_SYS_TYPES_H 1
| #define HAVE_SYS_STAT_H 1
| #define HAVE_STDLIB_H 1
| #define HAVE_STRING_H 1
| #define HAVE_MEMORY_H 1
| #define HAVE_STRINGS_H 1
| #define HAVE_INTTYPES_H 1
| #define HAVE_STDINT_H 1
| #define HAVE_UNISTD_H 1
| #define HAVE_DLFCN_H 1
| #define LT_OBJDIR ".libs/"
| #define _LARGE_FILE_SOURCE /**/
| #define _FILE_OFFSET_BITS 64
| #define STDC_HEADERS 1
| #define HAVE_ARPA_INET_H 1
| #define HAVE_FCNTL_H 1
| #define HAVE_INTTYPES_H 1
| #define HAVE_LIMITS_H 1
| #define HAVE_NETDB_H 1
| #define HAVE_NETINET_IN_H 1
| #define HAVE_STDLIB_H 1
| #define HAVE_STRING_H 1
| #define HAVE_SYS_IOCTL_H 1
| #define HAVE_SYS_SOCKET_H 1
| #define HAVE_SYS_TIME_H 1
| #define HAVE_SYSLOG_H 1
| #define HAVE_UNISTD_H 1
| #define HAVE_SYS_TYPES_H 1
| #define HAVE_SYS_SOCKET_H 1
| #define HAVE_VPRINTF 1
| #define HAVE_FSEEKO 1
| #define HAVE_STRNLEN 1
| #define HAVE_STRNDUP 1
| /* end confdefs.h.  */
| #include <pthread.h>
| int
| main ()
| {
| pthread_t th; pthread_join(th, 0);
|                      pthread_attr_init(0); pthread_cleanup_push(0, 0);
|                      pthread_create(0,0,0,0); pthread_cleanup_pop(0);
|   ;
|   return 0;
| }
configure:13380: result: no
configure:13288: checking whether pthreads work with -Kthread
configure:13371: gcc -o conftest -g -O2 -Os -Wall -Kthread   conftest.c   >&5
gcc: error: unrecognized command line option '-Kthread'; did you mean '-pthread'?
configure:13371: $? = 1
configure: failed program was:
| /* confdefs.h */
| #define PACKAGE_NAME "libupnp"
| #define PACKAGE_TARNAME "libupnp"
| #define PACKAGE_VERSION "1.6.19"
| #define PACKAGE_STRING "libupnp 1.6.19"
| #define PACKAGE_BUGREPORT "mroberto@users.sourceforge.net"
| #define PACKAGE_URL ""
| #define PACKAGE "libupnp"
| #define VERSION "1.6.19"
| #define UPNP_VERSION_STRING "1.6.19"
| #define UPNP_VERSION_MAJOR 1
| #define UPNP_VERSION_MINOR 6
| #define UPNP_VERSION_PATCH 19
| #define NO_DEBUG 1
| #define NDEBUG 1
| #define UPNP_HAVE_CLIENT 1
| #define UPNP_HAVE_DEVICE 1
| #define UPNP_HAVE_WEBSERVER 1
| #define UPNP_HAVE_SSDP 1
| #define UPNP_HAVE_OPTSSDP 1
| #define UPNP_HAVE_SOAP 1
| #define UPNP_HAVE_GENA 1
| #define UPNP_HAVE_TOOLS 1
| #define UPNP_ENABLE_NOTIFICATION_REORDERING 1
| #define UPNP_ENABLE_BLOCKING_TCP_CONNECTIONS 1
| #define STDC_HEADERS 1
| #define HAVE_SYS_TYPES_H 1
| #define HAVE_SYS_STAT_H 1
| #define HAVE_STDLIB_H 1
| #define HAVE_STRING_H 1
| #define HAVE_MEMORY_H 1
| #define HAVE_STRINGS_H 1
| #define HAVE_INTTYPES_H 1
| #define HAVE_STDINT_H 1
| #define HAVE_UNISTD_H 1
| #define HAVE_DLFCN_H 1
| #define LT_OBJDIR ".libs/"
| #define _LARGE_FILE_SOURCE /**/
| #define _FILE_OFFSET_BITS 64
| #define STDC_HEADERS 1
| #define HAVE_ARPA_INET_H 1
| #define HAVE_FCNTL_H 1
| #define HAVE_INTTYPES_H 1
| #define HAVE_LIMITS_H 1
| #define HAVE_NETDB_H 1
| #define HAVE_NETINET_IN_H 1
| #define HAVE_STDLIB_H 1
| #define HAVE_STRING_H 1
| #define HAVE_SYS_IOCTL_H 1
| #define HAVE_SYS_SOCKET_H 1
| #define HAVE_SYS_TIME_H 1
| #define HAVE_SYSLOG_H 1
| #define HAVE_UNISTD_H 1
| #define HAVE_SYS_TYPES_H 1
| #define HAVE_SYS_SOCKET_H 1
| #define HAVE_VPRINTF 1
| #define HAVE_FSEEKO 1
| #define HAVE_STRNLEN 1
| #define HAVE_STRNDUP 1
| /* end confdefs.h.  */
| #include <pthread.h>
| int
| main ()
| {
| pthread_t th; pthread_join(th, 0);
|                      pthread_attr_init(0); pthread_cleanup_push(0, 0);
|                      pthread_create(0,0,0,0); pthread_cleanup_pop(0);
|   ;
|   return 0;
| }
configure:13380: result: no
configure:13288: checking whether pthreads work with -kthread
configure:13371: gcc -o conftest -g -O2 -Os -Wall -kthread   conftest.c   >&5
gcc: error: unrecognized command line option '-kthread'; did you mean '-pthread'?
configure:13371: $? = 1
configure: failed program was:
| /* confdefs.h */
| #define PACKAGE_NAME "libupnp"
| #define PACKAGE_TARNAME "libupnp"
| #define PACKAGE_VERSION "1.6.19"
| #define PACKAGE_STRING "libupnp 1.6.19"
| #define PACKAGE_BUGREPORT "mroberto@users.sourceforge.net"
| #define PACKAGE_URL ""
| #define PACKAGE "libupnp"
| #define VERSION "1.6.19"
| #define UPNP_VERSION_STRING "1.6.19"
| #define UPNP_VERSION_MAJOR 1
| #define UPNP_VERSION_MINOR 6
| #define UPNP_VERSION_PATCH 19
| #define NO_DEBUG 1
| #define NDEBUG 1
| #define UPNP_HAVE_CLIENT 1
| #define UPNP_HAVE_DEVICE 1
| #define UPNP_HAVE_WEBSERVER 1
| #define UPNP_HAVE_SSDP 1
| #define UPNP_HAVE_OPTSSDP 1
| #define UPNP_HAVE_SOAP 1
| #define UPNP_HAVE_GENA 1
| #define UPNP_HAVE_TOOLS 1
| #define UPNP_ENABLE_NOTIFICATION_REORDERING 1
| #define UPNP_ENABLE_BLOCKING_TCP_CONNECTIONS 1
| #define STDC_HEADERS 1
| #define HAVE_SYS_TYPES_H 1
| #define HAVE_SYS_STAT_H 1
| #define HAVE_STDLIB_H 1
| #define HAVE_STRING_H 1
| #define HAVE_MEMORY_H 1
| #define HAVE_STRINGS_H 1
| #define HAVE_INTTYPES_H 1
| #define HAVE_STDINT_H 1
| #define HAVE_UNISTD_H 1
| #define HAVE_DLFCN_H 1
| #define LT_OBJDIR ".libs/"
| #define _LARGE_FILE_SOURCE /**/
| #define _FILE_OFFSET_BITS 64
| #define STDC_HEADERS 1
| #define HAVE_ARPA_INET_H 1
| #define HAVE_FCNTL_H 1
| #define HAVE_INTTYPES_H 1
| #define HAVE_LIMITS_H 1
| #define HAVE_NETDB_H 1
| #define HAVE_NETINET_IN_H 1
| #define HAVE_STDLIB_H 1
| #define HAVE_STRING_H 1
| #define HAVE_SYS_IOCTL_H 1
| #define HAVE_SYS_SOCKET_H 1
| #define HAVE_SYS_TIME_H 1
| #define HAVE_SYSLOG_H 1
| #define HAVE_UNISTD_H 1
| #define HAVE_SYS_TYPES_H 1
| #define HAVE_SYS_SOCKET_H 1
| #define HAVE_VPRINTF 1
| #define HAVE_FSEEKO 1
| #define HAVE_STRNLEN 1
| #define HAVE_STRNDUP 1
| /* end confdefs.h.  */
| #include <pthread.h>
| int
| main ()
| {
| pthread_t th; pthread_join(th, 0);
|                      pthread_attr_init(0); pthread_cleanup_push(0, 0);
|                      pthread_create(0,0,0,0); pthread_cleanup_pop(0);
|   ;
|   return 0;
| }
configure:13380: result: no
configure:13338: checking for the pthreads library -llthread
configure:13371: gcc -o conftest -g -O2 -Os -Wall    conftest.c -llthread  >&5
conftest.c: In function 'main':
conftest.c:66:22: warning: null argument where non-null required (argument 1) [-Wnonnull]
                      pthread_attr_init(0); pthread_cleanup_push(0, 0);
                      ^~~~~~~~~~~~~~~~~
conftest.c:67:22: warning: null argument where non-null required (argument 1) [-Wnonnull]
                      pthread_create(0,0,0,0); pthread_cleanup_pop(0);
                      ^~~~~~~~~~~~~~
conftest.c:67:22: warning: null argument where non-null required (argument 3) [-Wnonnull]
conftest.c:65:15: warning: 'th' is used uninitialized in this function [-Wuninitialized]
 pthread_t th; pthread_join(th, 0);
               ^~~~~~~~~~~~~~~~~~~
/usr/bin/ld: cannot find -llthread
collect2: error: ld returned 1 exit status
configure:13371: $? = 1
configure: failed program was:
| /* confdefs.h */
| #define PACKAGE_NAME "libupnp"
| #define PACKAGE_TARNAME "libupnp"
| #define PACKAGE_VERSION "1.6.19"
| #define PACKAGE_STRING "libupnp 1.6.19"
| #define PACKAGE_BUGREPORT "mroberto@users.sourceforge.net"
| #define PACKAGE_URL ""
| #define PACKAGE "libupnp"
| #define VERSION "1.6.19"
| #define UPNP_VERSION_STRING "1.6.19"
| #define UPNP_VERSION_MAJOR 1
| #define UPNP_VERSION_MINOR 6
| #define UPNP_VERSION_PATCH 19
| #define NO_DEBUG 1
| #define NDEBUG 1
| #define UPNP_HAVE_CLIENT 1
| #define UPNP_HAVE_DEVICE 1
| #define UPNP_HAVE_WEBSERVER 1
| #define UPNP_HAVE_SSDP 1
| #define UPNP_HAVE_OPTSSDP 1
| #define UPNP_HAVE_SOAP 1
| #define UPNP_HAVE_GENA 1
| #define UPNP_HAVE_TOOLS 1
| #define UPNP_ENABLE_NOTIFICATION_REORDERING 1
| #define UPNP_ENABLE_BLOCKING_TCP_CONNECTIONS 1
| #define STDC_HEADERS 1
| #define HAVE_SYS_TYPES_H 1
| #define HAVE_SYS_STAT_H 1
| #define HAVE_STDLIB_H 1
| #define HAVE_STRING_H 1
| #define HAVE_MEMORY_H 1
| #define HAVE_STRINGS_H 1
| #define HAVE_INTTYPES_H 1
| #define HAVE_STDINT_H 1
| #define HAVE_UNISTD_H 1
| #define HAVE_DLFCN_H 1
| #define LT_OBJDIR ".libs/"
| #define _LARGE_FILE_SOURCE /**/
| #define _FILE_OFFSET_BITS 64
| #define STDC_HEADERS 1
| #define HAVE_ARPA_INET_H 1
| #define HAVE_FCNTL_H 1
| #define HAVE_INTTYPES_H 1
| #define HAVE_LIMITS_H 1
| #define HAVE_NETDB_H 1
| #define HAVE_NETINET_IN_H 1
| #define HAVE_STDLIB_H 1
| #define HAVE_STRING_H 1
| #define HAVE_SYS_IOCTL_H 1
| #define HAVE_SYS_SOCKET_H 1
| #define HAVE_SYS_TIME_H 1
| #define HAVE_SYSLOG_H 1
| #define HAVE_UNISTD_H 1
| #define HAVE_SYS_TYPES_H 1
| #define HAVE_SYS_SOCKET_H 1
| #define HAVE_VPRINTF 1
| #define HAVE_FSEEKO 1
| #define HAVE_STRNLEN 1
| #define HAVE_STRNDUP 1
| /* end confdefs.h.  */
| #include <pthread.h>
| int
| main ()
| {
| pthread_t th; pthread_join(th, 0);
|                      pthread_attr_init(0); pthread_cleanup_push(0, 0);
|                      pthread_create(0,0,0,0); pthread_cleanup_pop(0);
|   ;
|   return 0;
| }
configure:13380: result: no
configure:13288: checking whether pthreads work with -pthread
configure:13371: gcc -o conftest -g -O2 -Os -Wall -pthread   conftest.c   >&5
conftest.c: In function 'main':
conftest.c:66:22: warning: null argument where non-null required (argument 1) [-Wnonnull]
                      pthread_attr_init(0); pthread_cleanup_push(0, 0);
                      ^~~~~~~~~~~~~~~~~
conftest.c:67:22: warning: null argument where non-null required (argument 1) [-Wnonnull]
                      pthread_create(0,0,0,0); pthread_cleanup_pop(0);
                      ^~~~~~~~~~~~~~
conftest.c:67:22: warning: null argument where non-null required (argument 3) [-Wnonnull]
conftest.c:65:15: warning: 'th' is used uninitialized in this function [-Wuninitialized]
 pthread_t th; pthread_join(th, 0);
               ^~~~~~~~~~~~~~~~~~~
configure:13371: $? = 0
configure:13380: result: yes
configure:13399: checking for joinable pthread attribute
configure:13414: gcc -o conftest -g -O2 -Os -Wall -pthread   conftest.c   >&5
configure:13414: $? = 0
configure:13420: result: PTHREAD_CREATE_JOINABLE
configure:13430: checking if more special flags are required for pthreads
configure:13437: result: no
configure:13529: checking if pthread_rwlock_t is available
configure:13548: gcc -c -pthread -g -O2 -Os -Wall  conftest.c >&5
conftest.c: In function 'main':
conftest.c:66:19: warning: unused variable 'x' [-Wunused-variable]
 pthread_rwlock_t *x;
                   ^
configure:13548: $? = 0
configure:13552: result: yes, supported without any options
configure:13701: checking that generated files are newer than configure
configure:13707: result: done
configure:13798: creating ./config.status

## ---------------------- ##
## Running config.status. ##
## ---------------------- ##

This file was extended by libupnp config.status 1.6.19, which was
generated by GNU Autoconf 2.69.  Invocation command line was

  CONFIG_FILES    = 
  CONFIG_HEADERS  = 
  CONFIG_LINKS    = 
  CONFIG_COMMANDS = 
  $ ./config.status 

on fritz.fon

config.status:1165: creating Makefile
config.status:1165: creating ixml/Makefile
config.status:1165: creating ixml/doc/Makefile
config.status:1165: creating threadutil/Makefile
config.status:1165: creating upnp/Makefile
config.status:1165: creating upnp/doc/Makefile
config.status:1165: creating upnp/sample/Makefile
config.status:1165: creating docs/dist/Makefile
config.status:1165: creating libupnp.pc
config.status:1165: creating autoconfig.h
config.status:1346: autoconfig.h is unchanged
config.status:1165: creating upnp/inc/upnpconfig.h
config.status:1346: upnp/inc/upnpconfig.h is unchanged
config.status:1394: executing depfiles commands
config.status:1394: executing libtool commands

## ---------------- ##
## Cache variables. ##
## ---------------- ##

ac_cv_build=armv7l-unknown-linux-gnueabihf
ac_cv_c_compiler_gnu=yes
ac_cv_c_const=yes
ac_cv_cflags_gcc_option__Os=-Os
ac_cv_cflags_warn_all=-Wall
ac_cv_env_CC_set=
ac_cv_env_CC_value=
ac_cv_env_CFLAGS_set=
ac_cv_env_CFLAGS_value=
ac_cv_env_CPPFLAGS_set=
ac_cv_env_CPPFLAGS_value=
ac_cv_env_CPP_set=
ac_cv_env_CPP_value=
ac_cv_env_LDFLAGS_set=
ac_cv_env_LDFLAGS_value=
ac_cv_env_LIBS_set=
ac_cv_env_LIBS_value=
ac_cv_env_build_alias_set=
ac_cv_env_build_alias_value=
ac_cv_env_host_alias_set=
ac_cv_env_host_alias_value=
ac_cv_env_target_alias_set=
ac_cv_env_target_alias_value=
ac_cv_func__doprnt=no
ac_cv_func_strndup=yes
ac_cv_func_strnlen=yes
ac_cv_func_vprintf=yes
ac_cv_header_arpa_inet_h=yes
ac_cv_header_dlfcn_h=yes
ac_cv_header_fcntl_h=yes
ac_cv_header_inttypes_h=yes
ac_cv_header_limits_h=yes
ac_cv_header_memory_h=yes
ac_cv_header_netdb_h=yes
ac_cv_header_netinet_in_h=yes
ac_cv_header_stdc=yes
ac_cv_header_stdint_h=yes
ac_cv_header_stdlib_h=yes
ac_cv_header_string_h=yes
ac_cv_header_strings_h=yes
ac_cv_header_sys_ioctl_h=yes
ac_cv_header_sys_socket_h=yes
ac_cv_header_sys_stat_h=yes
ac_cv_header_sys_time_h=yes
ac_cv_header_sys_types_h=yes
ac_cv_header_syslog_h=yes
ac_cv_header_unistd_h=yes
ac_cv_header_ws2tcpip_h=no
ac_cv_host=armv7l-unknown-linux-gnueabihf
ac_cv_objext=o
ac_cv_path_EGREP='/bin/grep -E'
ac_cv_path_FGREP='/bin/grep -F'
ac_cv_path_GREP=/bin/grep
ac_cv_path_SED=/bin/sed
ac_cv_path_install='/usr/bin/install -c'
ac_cv_path_mkdir=/bin/mkdir
ac_cv_prog_AWK=mawk
ac_cv_prog_CPP='gcc -E'
ac_cv_prog_ac_ct_AR=ar
ac_cv_prog_ac_ct_CC=gcc
ac_cv_prog_ac_ct_MANIFEST_TOOL=mt
ac_cv_prog_ac_ct_OBJDUMP=objdump
ac_cv_prog_ac_ct_RANLIB=ranlib
ac_cv_prog_ac_ct_STRIP=strip
ac_cv_prog_cc_c89=
ac_cv_prog_cc_g=yes
ac_cv_prog_cc_gcc_c_o=yes
ac_cv_prog_make_make_set=yes
ac_cv_search_bind='none required'
ac_cv_search_gethostbyname='none required'
ac_cv_search_sched_getparam='none required'
ac_cv_socklen_t=yes
ac_cv_sys_largefile_source=no
ac_cv_type_off_t=yes
ac_cv_type_size_t=yes
ac_cv_win32=no
am_cv_CC_dependencies_compiler_type=gcc3
am_cv_ar_interface=ar
lt_cv_ar_at_file=@
lt_cv_archive_cmds_need_lc=no
lt_cv_deplibs_check_method=pass_all
lt_cv_file_magic_cmd='$MAGIC_CMD'
lt_cv_file_magic_test_file=
lt_cv_ld_reload_flag=-r
lt_cv_nm_interface='BSD nm'
lt_cv_objdir=.libs
lt_cv_path_LD=/usr/bin/ld
lt_cv_path_NM='/usr/bin/nm -B'
lt_cv_path_mainfest_tool=no
lt_cv_prog_compiler_c_o=yes
lt_cv_prog_compiler_pic='-fPIC -DPIC'
lt_cv_prog_compiler_pic_works=yes
lt_cv_prog_compiler_rtti_exceptions=no
lt_cv_prog_compiler_static_works=yes
lt_cv_prog_gnu_ld=yes
lt_cv_sharedlib_from_linklib_cmd='printf %s\n'
lt_cv_shlibpath_overrides_runpath=no
lt_cv_sys_global_symbol_pipe='sed -n -e '\''s/^.*[	 ]\([ABCDGIRSTW][ABCDGIRSTW]*\)[	 ][	 ]*\([_A-Za-z][_A-Za-z0-9]*\)$/\1 \2 \2/p'\'' | sed '\''/ __gnu_lto/d'\'''
lt_cv_sys_global_symbol_to_c_name_address='sed -n -e '\''s/^: \([^ ]*\)[ ]*$/  {\"\1\", (void *) 0},/p'\'' -e '\''s/^[ABCDGIRSTW]* \([^ ]*\) \([^ ]*\)$/  {"\2", (void *) \&\2},/p'\'''
lt_cv_sys_global_symbol_to_c_name_address_lib_prefix='sed -n -e '\''s/^: \([^ ]*\)[ ]*$/  {\"\1\", (void *) 0},/p'\'' -e '\''s/^[ABCDGIRSTW]* \([^ ]*\) \(lib[^ ]*\)$/  {"\2", (void *) \&\2},/p'\'' -e '\''s/^[ABCDGIRSTW]* \([^ ]*\) \([^ ]*\)$/  {"lib\2", (void *) \&\2},/p'\'''
lt_cv_sys_global_symbol_to_cdecl='sed -n -e '\''s/^T .* \(.*\)$/extern int \1();/p'\'' -e '\''s/^[ABCDGIRSTW]* .* \(.*\)$/extern char \1;/p'\'''
lt_cv_sys_max_cmd_len=1572864
lt_cv_to_host_file_cmd=func_convert_file_noop
lt_cv_to_tool_file_cmd=func_convert_file_noop

## ----------------- ##
## Output variables. ##
## ----------------- ##

ACLOCAL='${SHELL} /usr/src/SABA-Tischfernsprecher-W48/libupnp/build-aux/missing --run aclocal-1.12'
AMDEPBACKSLASH='\'
AMDEP_FALSE='#'
AMDEP_TRUE=''
AMTAR='$${TAR-tar}'
AR='ar'
AUTOCONF='${SHELL} /usr/src/SABA-Tischfernsprecher-W48/libupnp/build-aux/missing --run autoconf'
AUTOHEADER='${SHELL} /usr/src/SABA-Tischfernsprecher-W48/libupnp/build-aux/missing --run autoheader'
AUTOMAKE='${SHELL} /usr/src/SABA-Tischfernsprecher-W48/libupnp/build-aux/missing --run automake-1.12'
AWK='mawk'
CC='gcc'
CCDEPMODE='depmode=gcc3'
CFLAGS='-pthread -g -O2 -Os -Wall'
CPP='gcc -E'
CPPFLAGS=''
CYGPATH_W='echo'
DEFS='-DHAVE_CONFIG_H'
DEPDIR='.deps'
DLLTOOL='false'
DSYMUTIL=''
DUMPBIN=''
ECHO_C=''
ECHO_N='-n'
ECHO_T=''
EGREP='/bin/grep -E'
ENABLE_BLOCKING_TCP_CONNECTIONS_FALSE='#'
ENABLE_BLOCKING_TCP_CONNECTIONS_TRUE=''
ENABLE_CLIENT_FALSE='#'
ENABLE_CLIENT_TRUE=''
ENABLE_DEBUG_FALSE=''
ENABLE_DEBUG_TRUE='#'
ENABLE_DEVICE_FALSE='#'
ENABLE_DEVICE_TRUE=''
ENABLE_GENA_FALSE='#'
ENABLE_GENA_TRUE=''
ENABLE_IPV6_FALSE=''
ENABLE_IPV6_TRUE='#'
ENABLE_NOTIFICATION_REORDERING_FALSE='#'
ENABLE_NOTIFICATION_REORDERING_TRUE=''
ENABLE_OPTSSDP_FALSE='#'
ENABLE_OPTSSDP_TRUE=''
ENABLE_SAMPLES_FALSE='#'
ENABLE_SAMPLES_TRUE=''
ENABLE_SOAP_FALSE='#'
ENABLE_SOAP_TRUE=''
ENABLE_SSDP_FALSE='#'
ENABLE_SSDP_TRUE=''
ENABLE_TOOLS_FALSE='#'
ENABLE_TOOLS_TRUE=''
ENABLE_UNSPECIFIED_SERVER_FALSE=''
ENABLE_UNSPECIFIED_SERVER_TRUE='#'
ENABLE_UUID_FALSE='#'
ENABLE_UUID_TRUE=''
ENABLE_WEBSERVER_FALSE='#'
ENABLE_WEBSERVER_TRUE=''
EXEEXT=''
FGREP='/bin/grep -F'
GREP='/bin/grep'
INSTALL_DATA='${INSTALL} -m 644'
INSTALL_PROGRAM='${INSTALL}'
INSTALL_SCRIPT='${INSTALL}'
INSTALL_STRIP_PROGRAM='$(install_sh) -c -s'
LD='/usr/bin/ld'
LDFLAGS=''
LIBOBJS=''
LIBS=' '
LIBTOOL='$(SHELL) $(top_builddir)/libtool'
LIPO=''
LN_S='ln -s'
LTLIBOBJS=''
LT_VERSION_IXML='2:8:0'
LT_VERSION_THREADUTIL='6:4:0'
LT_VERSION_UPNP='9:3:3'
MAKEINFO='${SHELL} /usr/src/SABA-Tischfernsprecher-W48/libupnp/build-aux/missing --run makeinfo'
MANIFEST_TOOL=':'
MKDIR_P='/bin/mkdir -p'
NM='/usr/bin/nm -B'
NMEDIT=''
OBJDUMP='objdump'
OBJEXT='o'
OTOOL64=''
OTOOL=''
PACKAGE='libupnp'
PACKAGE_BUGREPORT='mroberto@users.sourceforge.net'
PACKAGE_NAME='libupnp'
PACKAGE_STRING='libupnp 1.6.19'
PACKAGE_TARNAME='libupnp'
PACKAGE_URL=''
PACKAGE_VERSION='1.6.19'
PATH_SEPARATOR=':'
PTHREAD_CC='gcc'
PTHREAD_CFLAGS='-pthread'
PTHREAD_LIBS=''
RANLIB='ranlib'
SED='/bin/sed'
SET_MAKE=''
SHELL='/bin/bash'
STRIP='strip'
VERSION='1.6.19'
WITH_DOCUMENTATION_FALSE=''
WITH_DOCUMENTATION_TRUE='#'
ac_ct_AR='ar'
ac_ct_CC='gcc'
ac_ct_DUMPBIN=''
acx_pthread_config=''
am__EXEEXT_FALSE=''
am__EXEEXT_TRUE='#'
am__fastdepCC_FALSE='#'
am__fastdepCC_TRUE=''
am__include='include'
am__isrc=''
am__leading_dot='.'
am__nodep='_no'
am__quote=''
am__tar='$${TAR-tar} chof - "$$tardir"'
am__untar='$${TAR-tar} xf -'
bindir='${exec_prefix}/bin'
build='armv7l-unknown-linux-gnueabihf'
build_alias=''
build_cpu='armv7l'
build_os='linux-gnueabihf'
build_vendor='unknown'
datadir='${datarootdir}'
datarootdir='${prefix}/share'
docdir='${datarootdir}/doc/libupnp-1.6.19'
dvidir='${docdir}'
exec_prefix='${prefix}'
host='armv7l-unknown-linux-gnueabihf'
host_alias=''
host_cpu='armv7l'
host_os='linux-gnueabihf'
host_vendor='unknown'
htmldir='${docdir}'
includedir='${prefix}/include'
infodir='${datarootdir}/info'
install_sh='${SHELL} /usr/src/SABA-Tischfernsprecher-W48/libupnp/build-aux/install-sh'
libdir='${exec_prefix}/lib'
libexecdir='${exec_prefix}/libexec'
localedir='${datarootdir}/locale'
localstatedir='${prefix}/var'
mandir='${datarootdir}/man'
mkdir_p='/bin/mkdir -p'
oldincludedir='/usr/include'
pdfdir='${docdir}'
prefix='/usr/local'
program_transform_name='s,x,x,'
psdir='${docdir}'
runstatedir='${localstatedir}/run'
sbindir='${exec_prefix}/sbin'
sharedstatedir='${prefix}/com'
sysconfdir='${prefix}/etc'
target_alias=''

## ----------- ##
## confdefs.h. ##
## ----------- ##

/* confdefs.h */
#define PACKAGE_NAME "libupnp"
#define PACKAGE_TARNAME "libupnp"
#define PACKAGE_VERSION "1.6.19"
#define PACKAGE_STRING "libupnp 1.6.19"
#define PACKAGE_BUGREPORT "mroberto@users.sourceforge.net"
#define PACKAGE_URL ""
#define PACKAGE "libupnp"
#define VERSION "1.6.19"
#define UPNP_VERSION_STRING "1.6.19"
#define UPNP_VERSION_MAJOR 1
#define UPNP_VERSION_MINOR 6
#define UPNP_VERSION_PATCH 19
#define NO_DEBUG 1
#define NDEBUG 1
#define UPNP_HAVE_CLIENT 1
#define UPNP_HAVE_DEVICE 1
#define UPNP_HAVE_WEBSERVER 1
#define UPNP_HAVE_SSDP 1
#define UPNP_HAVE_OPTSSDP 1
#define UPNP_HAVE_SOAP 1
#define UPNP_HAVE_GENA 1
#define UPNP_HAVE_TOOLS 1
#define UPNP_ENABLE_NOTIFICATION_REORDERING 1
#define UPNP_ENABLE_BLOCKING_TCP_CONNECTIONS 1
#define STDC_HEADERS 1
#define HAVE_SYS_TYPES_H 1
#define HAVE_SYS_STAT_H 1
#define HAVE_STDLIB_H 1
#define HAVE_STRING_H 1
#define HAVE_MEMORY_H 1
#define HAVE_STRINGS_H 1
#define HAVE_INTTYPES_H 1
#define HAVE_STDINT_H 1
#define HAVE_UNISTD_H 1
#define HAVE_DLFCN_H 1
#define LT_OBJDIR ".libs/"
#define _LARGE_FILE_SOURCE /**/
#define _FILE_OFFSET_BITS 64
#define STDC_HEADERS 1
#define HAVE_ARPA_INET_H 1
#define HAVE_FCNTL_H 1
#define HAVE_INTTYPES_H 1
#define HAVE_LIMITS_H 1
#define HAVE_NETDB_H 1
#define HAVE_NETINET_IN_H 1
#define HAVE_STDLIB_H 1
#define HAVE_STRING_H 1
#define HAVE_SYS_IOCTL_H 1
#define HAVE_SYS_SOCKET_H 1
#define HAVE_SYS_TIME_H 1
#define HAVE_SYSLOG_H 1
#define HAVE_UNISTD_H 1
#define HAVE_SYS_TYPES_H 1
#define HAVE_SYS_SOCKET_H 1
#define HAVE_VPRINTF 1
#define HAVE_FSEEKO 1
#define HAVE_STRNLEN 1
#define HAVE_STRNDUP 1
#define HAVE_PTHREAD 1
#define UPNP_USE_RWLOCK 1

configure: exit 0
